<?xml version="1.0" encoding="UTF-8"?>
<!-- Generated by org.testng.reporters.JUnitXMLReporter -->
<testsuite hostname="MacBook-Pro-Pavel.local" ignored="0" name="Test-FF" tests="4" failures="4" timestamp="05 Feb 2018 10:31:15 GMT" time="30.82" errors="0">
  <testcase name="displayLogo" time="1.482" classname="tests.MainPageTest">
    <failure type="java.lang.AssertionError" message="expected [true] but found [false]">
      <![CDATA[java.lang.AssertionError: expected [true] but found [false]at tests.MainPageTest.displayLogo(MainPageTest.java:23)... Removed 33 stack frames]]>
    </failure>
  </testcase> <!-- displayLogo -->
  <testcase name="login" time="0.867" classname="tests.LoginPageTest">
    <failure type="org.openqa.selenium.NoSuchElementException" message="Unable to locate element: (//*[@value=&amp;apos;Sign in&amp;apos;])[1]
For documentation on this error, please visit: http://seleniumhq.org/exceptions/no_such_element.html
Build info: version: &amp;apos;3.8.1&amp;apos;, revision: &amp;apos;6e95a6684b&amp;apos;, time: &amp;apos;2017-12-01T18:33:54.468Z&amp;apos;
System info: host: &amp;apos;MacBook-Pro-Pavel.local&amp;apos;, ip: &amp;apos;fe80:0:0:0:9a01:a7ff:fe9d:e4d3%en0&amp;apos;, os.name: &amp;apos;Mac OS X&amp;apos;, os.arch: &amp;apos;x86_64&amp;apos;, os.version: &amp;apos;10.11.6&amp;apos;, java.version: &amp;apos;1.8.0_131&amp;apos;
Driver info: org.openqa.selenium.firefox.FirefoxDriver
Capabilities {acceptInsecureCerts: true, browserName: firefox, browserVersion: 58.0.1, javascriptEnabled: true, moz:accessibilityChecks: false, moz:headless: false, moz:processID: 31360, moz:profile: /var/folders/_y/wj65np8n3d5..., moz:webdriverClick: true, pageLoadStrategy: normal, platform: MAC, platformName: MAC, platformVersion: 15.6.0, rotatable: false, timeouts: {implicit: 0, pageLoad: 300000, script: 30000}}
Session ID: 75142490-1eed-694f-8570-239358103042
*** Element info: {Using=xpath, value=(//*[@value=&amp;apos;Sign in&amp;apos;])[1]}">
      <![CDATA[org.openqa.selenium.NoSuchElementException: Unable to locate element: (//*[@value='Sign in'])[1]For documentation on this error, please visit: http://seleniumhq.org/exceptions/no_such_element.htmlBuild info: version: '3.8.1', revision: '6e95a6684b', time: '2017-12-01T18:33:54.468Z'System info: host: 'MacBook-Pro-Pavel.local', ip: 'fe80:0:0:0:9a01:a7ff:fe9d:e4d3%en0', os.name: 'Mac OS X', os.arch: 'x86_64', os.version: '10.11.6', java.version: '1.8.0_131'Driver info: org.openqa.selenium.firefox.FirefoxDriverCapabilities {acceptInsecureCerts: true, browserName: firefox, browserVersion: 58.0.1, javascriptEnabled: true, moz:accessibilityChecks: false, moz:headless: false, moz:processID: 31360, moz:profile: /var/folders/_y/wj65np8n3d5..., moz:webdriverClick: true, pageLoadStrategy: normal, platform: MAC, platformName: MAC, platformVersion: 15.6.0, rotatable: false, timeouts: {implicit: 0, pageLoad: 300000, script: 30000}}Session ID: 75142490-1eed-694f-8570-239358103042*** Element info: {Using=xpath, value=(//*[@value='Sign in'])[1]}at org.openqa.selenium.remote.http.W3CHttpResponseCodec.createException(W3CHttpResponseCodec.java:187)at org.openqa.selenium.remote.http.W3CHttpResponseCodec.decode(W3CHttpResponseCodec.java:122)at org.openqa.selenium.remote.http.W3CHttpResponseCodec.decode(W3CHttpResponseCodec.java:49)at org.openqa.selenium.remote.HttpCommandExecutor.execute(HttpCommandExecutor.java:164)at org.openqa.selenium.remote.service.DriverCommandExecutor.execute(DriverCommandExecutor.java:83)at org.openqa.selenium.remote.RemoteWebDriver.execute(RemoteWebDriver.java:601)at org.openqa.selenium.remote.RemoteWebDriver.findElement(RemoteWebDriver.java:371)at org.openqa.selenium.remote.RemoteWebDriver.findElementByXPath(RemoteWebDriver.java:473)at org.openqa.selenium.By$ByXPath.findElement(By.java:361)at org.openqa.selenium.remote.RemoteWebDriver.findElement(RemoteWebDriver.java:363)at BaseConfigs.BasePageObject.find(BasePageObject.java:30)at BaseConfigs.BasePageObject.openElement(BasePageObject.java:37)at pages.LoginPage.loginToPage(LoginPage.java:35)at tests.LoginPageTest.login(LoginPageTest.java:21)... Removed 33 stack frames]]>
    </failure>
  </testcase> <!-- login -->
  <testcase name="incorrectLogin" time="3.496" classname="tests.LoginPageTest">
    <failure type="org.openqa.selenium.NoSuchElementException" message="Unable to locate element: (//*[@value=&amp;apos;Sign in&amp;apos;])[1]
For documentation on this error, please visit: http://seleniumhq.org/exceptions/no_such_element.html
Build info: version: &amp;apos;3.8.1&amp;apos;, revision: &amp;apos;6e95a6684b&amp;apos;, time: &amp;apos;2017-12-01T18:33:54.468Z&amp;apos;
System info: host: &amp;apos;MacBook-Pro-Pavel.local&amp;apos;, ip: &amp;apos;fe80:0:0:0:9a01:a7ff:fe9d:e4d3%en0&amp;apos;, os.name: &amp;apos;Mac OS X&amp;apos;, os.arch: &amp;apos;x86_64&amp;apos;, os.version: &amp;apos;10.11.6&amp;apos;, java.version: &amp;apos;1.8.0_131&amp;apos;
Driver info: org.openqa.selenium.firefox.FirefoxDriver
Capabilities {acceptInsecureCerts: true, browserName: firefox, browserVersion: 58.0.1, javascriptEnabled: true, moz:accessibilityChecks: false, moz:headless: false, moz:processID: 31373, moz:profile: /var/folders/_y/wj65np8n3d5..., moz:webdriverClick: true, pageLoadStrategy: normal, platform: MAC, platformName: MAC, platformVersion: 15.6.0, rotatable: false, timeouts: {implicit: 0, pageLoad: 300000, script: 30000}}
Session ID: 5663f287-42e1-1043-8540-5edf33c32779
*** Element info: {Using=xpath, value=(//*[@value=&amp;apos;Sign in&amp;apos;])[1]}">
      <![CDATA[org.openqa.selenium.NoSuchElementException: Unable to locate element: (//*[@value='Sign in'])[1]For documentation on this error, please visit: http://seleniumhq.org/exceptions/no_such_element.htmlBuild info: version: '3.8.1', revision: '6e95a6684b', time: '2017-12-01T18:33:54.468Z'System info: host: 'MacBook-Pro-Pavel.local', ip: 'fe80:0:0:0:9a01:a7ff:fe9d:e4d3%en0', os.name: 'Mac OS X', os.arch: 'x86_64', os.version: '10.11.6', java.version: '1.8.0_131'Driver info: org.openqa.selenium.firefox.FirefoxDriverCapabilities {acceptInsecureCerts: true, browserName: firefox, browserVersion: 58.0.1, javascriptEnabled: true, moz:accessibilityChecks: false, moz:headless: false, moz:processID: 31373, moz:profile: /var/folders/_y/wj65np8n3d5..., moz:webdriverClick: true, pageLoadStrategy: normal, platform: MAC, platformName: MAC, platformVersion: 15.6.0, rotatable: false, timeouts: {implicit: 0, pageLoad: 300000, script: 30000}}Session ID: 5663f287-42e1-1043-8540-5edf33c32779*** Element info: {Using=xpath, value=(//*[@value='Sign in'])[1]}at org.openqa.selenium.remote.http.W3CHttpResponseCodec.createException(W3CHttpResponseCodec.java:187)at org.openqa.selenium.remote.http.W3CHttpResponseCodec.decode(W3CHttpResponseCodec.java:122)at org.openqa.selenium.remote.http.W3CHttpResponseCodec.decode(W3CHttpResponseCodec.java:49)at org.openqa.selenium.remote.HttpCommandExecutor.execute(HttpCommandExecutor.java:164)at org.openqa.selenium.remote.service.DriverCommandExecutor.execute(DriverCommandExecutor.java:83)at org.openqa.selenium.remote.RemoteWebDriver.execute(RemoteWebDriver.java:601)at org.openqa.selenium.remote.RemoteWebDriver.findElement(RemoteWebDriver.java:371)at org.openqa.selenium.remote.RemoteWebDriver.findElementByXPath(RemoteWebDriver.java:473)at org.openqa.selenium.By$ByXPath.findElement(By.java:361)at org.openqa.selenium.remote.RemoteWebDriver.findElement(RemoteWebDriver.java:363)at BaseConfigs.BasePageObject.find(BasePageObject.java:30)at BaseConfigs.BasePageObject.openElement(BasePageObject.java:37)at pages.LoginPage.loginToPage(LoginPage.java:35)at tests.LoginPageTest.incorrectLogin(LoginPageTest.java:48)... Removed 33 stack frames]]>
    </failure>
  </testcase> <!-- incorrectLogin -->
  <testcase name="incorrectLogin" time="2.424" classname="tests.LoginPageTest">
    <failure type="org.openqa.selenium.NoSuchElementException" message="Unable to locate element: (//*[@value=&amp;apos;Sign in&amp;apos;])[1]
For documentation on this error, please visit: http://seleniumhq.org/exceptions/no_such_element.html
Build info: version: &amp;apos;3.8.1&amp;apos;, revision: &amp;apos;6e95a6684b&amp;apos;, time: &amp;apos;2017-12-01T18:33:54.468Z&amp;apos;
System info: host: &amp;apos;MacBook-Pro-Pavel.local&amp;apos;, ip: &amp;apos;fe80:0:0:0:9a01:a7ff:fe9d:e4d3%en0&amp;apos;, os.name: &amp;apos;Mac OS X&amp;apos;, os.arch: &amp;apos;x86_64&amp;apos;, os.version: &amp;apos;10.11.6&amp;apos;, java.version: &amp;apos;1.8.0_131&amp;apos;
Driver info: org.openqa.selenium.firefox.FirefoxDriver
Capabilities {acceptInsecureCerts: true, browserName: firefox, browserVersion: 58.0.1, javascriptEnabled: true, moz:accessibilityChecks: false, moz:headless: false, moz:processID: 31386, moz:profile: /var/folders/_y/wj65np8n3d5..., moz:webdriverClick: true, pageLoadStrategy: normal, platform: MAC, platformName: MAC, platformVersion: 15.6.0, rotatable: false, timeouts: {implicit: 0, pageLoad: 300000, script: 30000}}
Session ID: df56c41a-28b5-0444-929b-add2b934ba8b
*** Element info: {Using=xpath, value=(//*[@value=&amp;apos;Sign in&amp;apos;])[1]}">
      <![CDATA[org.openqa.selenium.NoSuchElementException: Unable to locate element: (//*[@value='Sign in'])[1]For documentation on this error, please visit: http://seleniumhq.org/exceptions/no_such_element.htmlBuild info: version: '3.8.1', revision: '6e95a6684b', time: '2017-12-01T18:33:54.468Z'System info: host: 'MacBook-Pro-Pavel.local', ip: 'fe80:0:0:0:9a01:a7ff:fe9d:e4d3%en0', os.name: 'Mac OS X', os.arch: 'x86_64', os.version: '10.11.6', java.version: '1.8.0_131'Driver info: org.openqa.selenium.firefox.FirefoxDriverCapabilities {acceptInsecureCerts: true, browserName: firefox, browserVersion: 58.0.1, javascriptEnabled: true, moz:accessibilityChecks: false, moz:headless: false, moz:processID: 31386, moz:profile: /var/folders/_y/wj65np8n3d5..., moz:webdriverClick: true, pageLoadStrategy: normal, platform: MAC, platformName: MAC, platformVersion: 15.6.0, rotatable: false, timeouts: {implicit: 0, pageLoad: 300000, script: 30000}}Session ID: df56c41a-28b5-0444-929b-add2b934ba8b*** Element info: {Using=xpath, value=(//*[@value='Sign in'])[1]}at org.openqa.selenium.remote.http.W3CHttpResponseCodec.createException(W3CHttpResponseCodec.java:187)at org.openqa.selenium.remote.http.W3CHttpResponseCodec.decode(W3CHttpResponseCodec.java:122)at org.openqa.selenium.remote.http.W3CHttpResponseCodec.decode(W3CHttpResponseCodec.java:49)at org.openqa.selenium.remote.HttpCommandExecutor.execute(HttpCommandExecutor.java:164)at org.openqa.selenium.remote.service.DriverCommandExecutor.execute(DriverCommandExecutor.java:83)at org.openqa.selenium.remote.RemoteWebDriver.execute(RemoteWebDriver.java:601)at org.openqa.selenium.remote.RemoteWebDriver.findElement(RemoteWebDriver.java:371)at org.openqa.selenium.remote.RemoteWebDriver.findElementByXPath(RemoteWebDriver.java:473)at org.openqa.selenium.By$ByXPath.findElement(By.java:361)at org.openqa.selenium.remote.RemoteWebDriver.findElement(RemoteWebDriver.java:363)at BaseConfigs.BasePageObject.find(BasePageObject.java:30)at BaseConfigs.BasePageObject.openElement(BasePageObject.java:37)at pages.LoginPage.loginToPage(LoginPage.java:35)at tests.LoginPageTest.incorrectLogin(LoginPageTest.java:48)... Removed 33 stack frames]]>
    </failure>
  </testcase> <!-- incorrectLogin -->
</testsuite> <!-- Test-FF -->
